#
# There is insufficient memory for the Java Runtime Environment to continue.
# Native memory allocation (mmap) failed to map 102760448 bytes for G1 virtual space
# Possible reasons:
#   The system is out of physical RAM or swap space
#   The process is running with CompressedOops enabled, and the Java Heap may be blocking the growth of the native heap
# Possible solutions:
#   Reduce memory load on the system
#   Increase physical memory or swap space
#   Check if swap backing store is full
#   Decrease Java heap size (-Xmx/-Xms)
#   Decrease number of Java threads
#   Decrease Java thread stack sizes (-Xss)
#   Set larger code cache with -XX:ReservedCodeCacheSize=
#   JVM is running with Unscaled Compressed Oops mode in which the Java heap is
#     placed in the first 4GB address space. The Java Heap base address is the
#     maximum limit for the native heap growth. Please use -XX:HeapBaseMinAddress
#     to set the Java Heap base and to place the Java Heap above 4GB virtual address.
# This output file may be truncated or incomplete.
#
#  Out of Memory Error (os_windows.cpp:3771), pid=4588, tid=15128
#
# JRE version: OpenJDK Runtime Environment (17.0.7) (build 17.0.7+0-b2043.56-10550314)
# Java VM: OpenJDK 64-Bit Server VM (17.0.7+0-b2043.56-10550314, mixed mode, tiered, compressed oops, compressed class ptrs, g1 gc, windows-amd64)
# No core dump will be written. Minidumps are not enabled by default on client versions of Windows
#

---------------  S U M M A R Y ------------

Command Line: org.jetbrains.kotlin.cli.jvm.K2JVMCompiler @C:\Users\harsh\AndroidStudioProjects\WishListApp\app\build\20240229_5638970231583969972.compiler.options

Host: Intel(R) Core(TM) i3-8145U CPU @ 2.10GHz, 4 cores, 3G,  Windows 11 , 64 bit Build 22621 (10.0.22621.3085)
Time: Thu Feb 29 22:48:49 2024 India Standard Time elapsed time: 16.390532 seconds (0d 0h 0m 16s)

---------------  T H R E A D  ---------------

Current thread (0x00000224acd23030):  VMThread "VM Thread" [stack: 0x000000452b000000,0x000000452b100000] [id=15128]

Stack: [0x000000452b000000,0x000000452b100000]
Native frames: (J=compiled Java code, j=interpreted, Vv=VM code, C=native code)
V  [jvm.dll+0x683bfa]
V  [jvm.dll+0x8430a4]
V  [jvm.dll+0x8449be]
V  [jvm.dll+0x845023]
V  [jvm.dll+0x24ad2f]
V  [jvm.dll+0x680ac9]
V  [jvm.dll+0x67519a]
V  [jvm.dll+0x30b3cb]
V  [jvm.dll+0x312876]
V  [jvm.dll+0x36221e]
V  [jvm.dll+0x36244f]
V  [jvm.dll+0x2e14a8]
V  [jvm.dll+0x2df684]
V  [jvm.dll+0x2dec8c]
V  [jvm.dll+0x32382b]
V  [jvm.dll+0x8496eb]
V  [jvm.dll+0x84a424]
V  [jvm.dll+0x84a93d]
V  [jvm.dll+0x84ad14]
V  [jvm.dll+0x84ade0]
V  [jvm.dll+0x7f2aea]
V  [jvm.dll+0x682a35]
C  [ucrtbase.dll+0x29363]
C  [KERNEL32.DLL+0x1257d]
C  [ntdll.dll+0x5aa58]

VM_Operation (0x000000452aafb590): G1CollectForAllocation, mode: safepoint, requested by thread 0x0000022495eeb7e0


---------------  P R O C E S S  ---------------

Threads class SMR info:
_java_thread_list=0x00000224b384d630, length=13, elements={
0x0000022495eeb7e0, 0x00000224acd27300, 0x00000224acd2a180, 0x00000224acd76a10,
0x00000224acd785d0, 0x00000224acd7d0a0, 0x00000224acd7da50, 0x00000224acd90010,
0x00000224acd90610, 0x00000224b10427f0, 0x00000224b113b910, 0x00000224b1156640,
0x00000224b1264e20
}

Java Threads: ( => current thread )
  0x0000022495eeb7e0 JavaThread "main" [_thread_blocked, id=13436, stack(0x000000452aa00000,0x000000452ab00000)]
  0x00000224acd27300 JavaThread "Reference Handler" daemon [_thread_blocked, id=7584, stack(0x000000452b100000,0x000000452b200000)]
  0x00000224acd2a180 JavaThread "Finalizer" daemon [_thread_blocked, id=14212, stack(0x000000452b200000,0x000000452b300000)]
  0x00000224acd76a10 JavaThread "Signal Dispatcher" daemon [_thread_blocked, id=14096, stack(0x000000452b300000,0x000000452b400000)]
  0x00000224acd785d0 JavaThread "Attach Listener" daemon [_thread_blocked, id=3420, stack(0x000000452b400000,0x000000452b500000)]
  0x00000224acd7d0a0 JavaThread "Service Thread" daemon [_thread_blocked, id=5540, stack(0x000000452b500000,0x000000452b600000)]
  0x00000224acd7da50 JavaThread "Monitor Deflation Thread" daemon [_thread_blocked, id=14852, stack(0x000000452b600000,0x000000452b700000)]
  0x00000224acd90010 JavaThread "C2 CompilerThread0" daemon [_thread_blocked, id=8956, stack(0x000000452b700000,0x000000452b800000)]
  0x00000224acd90610 JavaThread "C1 CompilerThread0" daemon [_thread_blocked, id=16060, stack(0x000000452b800000,0x000000452b900000)]
  0x00000224b10427f0 JavaThread "Sweeper thread" daemon [_thread_blocked, id=18932, stack(0x000000452b900000,0x000000452ba00000)]
  0x00000224b113b910 JavaThread "Notification Thread" daemon [_thread_blocked, id=17596, stack(0x000000452ba00000,0x000000452bb00000)]
  0x00000224b1156640 JavaThread "Common-Cleaner" daemon [_thread_blocked, id=7724, stack(0x000000452bc00000,0x000000452bd00000)]
  0x00000224b1264e20 JavaThread "C2 CompilerThread1" daemon [_thread_blocked, id=18056, stack(0x000000452c200000,0x000000452c300000)]

Other Threads:
=>0x00000224acd23030 VMThread "VM Thread" [stack: 0x000000452b000000,0x000000452b100000] [id=15128]
  0x00000224b113bde0 WatcherThread [stack: 0x000000452bb00000,0x000000452bc00000] [id=12796]
  0x0000022495f27490 GCTaskThread "GC Thread#0" [stack: 0x000000452ab00000,0x000000452ac00000] [id=8992]
  0x00000224b15893f0 GCTaskThread "GC Thread#1" [stack: 0x000000452be00000,0x000000452bf00000] [id=15056]
  0x00000224b15896a0 GCTaskThread "GC Thread#2" [stack: 0x000000452bf00000,0x000000452c000000] [id=9796]
  0x00000224b1589950 GCTaskThread "GC Thread#3" [stack: 0x000000452c000000,0x000000452c100000] [id=3344]
  0x0000022495f31360 ConcurrentGCThread "G1 Main Marker" [stack: 0x000000452ac00000,0x000000452ad00000] [id=18372]
  0x0000022495f31d70 ConcurrentGCThread "G1 Conc#0" [stack: 0x000000452ad00000,0x000000452ae00000] [id=16124]
  0x0000022495f6f0a0 ConcurrentGCThread "G1 Refine#0" [stack: 0x000000452ae00000,0x000000452af00000] [id=18420]
  0x00000224b24f3f40 ConcurrentGCThread "G1 Refine#1" [stack: 0x000000452bd00000,0x000000452be00000] [id=10396]
  0x00000224b22bef70 ConcurrentGCThread "G1 Refine#2" [stack: 0x000000452c100000,0x000000452c200000] [id=12580]
  0x0000022495f6fac0 ConcurrentGCThread "G1 Service" [stack: 0x000000452af00000,0x000000452b000000] [id=16380]

Threads with active compile tasks:
C2 CompilerThread1    16422 6978       4       org.jetbrains.kotlin.utils.DFS::doDfs (110 bytes)

VM state: at safepoint (normal execution)

VM Mutex/Monitor currently owned by a thread:  ([mutex/lock_event])
[0x0000022495ee7fc0] Threads_lock - owner thread: 0x00000224acd23030
[0x0000022495ee8050] Heap_lock - owner thread: 0x0000022495eeb7e0

Heap address: 0x00000000c2400000, size: 988 MB, Compressed Oops mode: 32-bit

CDS archive(s) not mapped
Compressed class space mapped at: 0x0000000100000000-0x0000000140000000, reserved size: 1073741824
Narrow klass base: 0x0000000000000000, Narrow klass shift: 3, Narrow klass range: 0x140000000

GC Precious Log:
 CPUs: 4 total, 4 available
 Memory: 3948M
 Large Page Support: Disabled
 NUMA Support: Disabled
 Compressed Oops: Enabled (32-bit)
 Heap Region Size: 1M
 Heap Min Capacity: 8M
 Heap Initial Capacity: 62M
 Heap Max Capacity: 988M
 Pre-touch: Disabled
 Parallel Workers: 4
 Concurrent Workers: 1
 Concurrent Refinement Workers: 4
 Periodic GC: Disabled

Heap:
 garbage-first heap   total 100352K, used 54469K [0x00000000c2400000, 0x0000000100000000)
  region size 1024K, 1 young (1024K), 1 survivors (1024K)
 Metaspace       used 66291K, committed 66496K, reserved 1114112K
  class space    used 7751K, committed 7872K, reserved 1048576K

Heap Regions: E=young(eden), S=young(survivor), O=old, HS=humongous(starts), HC=humongous(continues), CS=collection set, F=free, OA=open archive, CA=closed archive, TAMS=top-at-mark-start (previous, next)
|   0|0x00000000c2400000, 0x00000000c2500000, 0x00000000c2500000|100%|HS|  |TAMS 0x00000000c2500000, 0x00000000c2400000| Complete 
|   1|0x00000000c2500000, 0x00000000c2600000, 0x00000000c2600000|100%|HC|  |TAMS 0x00000000c2600000, 0x00000000c2500000| Complete 
|   2|0x00000000c2600000, 0x00000000c2700000, 0x00000000c2700000|100%|HC|  |TAMS 0x00000000c2700000, 0x00000000c2600000| Complete 
|   3|0x00000000c2700000, 0x00000000c2800000, 0x00000000c2800000|100%|HC|  |TAMS 0x00000000c2800000, 0x00000000c2700000| Complete 
|   4|0x00000000c2800000, 0x00000000c28f4800, 0x00000000c2900000| 95%| O|  |TAMS 0x00000000c28f4800, 0x00000000c2800000| Untracked 
|   5|0x00000000c2900000, 0x00000000c2a00000, 0x00000000c2a00000|100%| O|  |TAMS 0x00000000c2a00000, 0x00000000c2900000| Untracked 
|   6|0x00000000c2a00000, 0x00000000c2b00000, 0x00000000c2b00000|100%| O|  |TAMS 0x00000000c2b00000, 0x00000000c2a00000| Untracked 
|   7|0x00000000c2b00000, 0x00000000c2c00000, 0x00000000c2c00000|100%| O|  |TAMS 0x00000000c2c00000, 0x00000000c2b00000| Untracked 
|   8|0x00000000c2c00000, 0x00000000c2d00000, 0x00000000c2d00000|100%| O|  |TAMS 0x00000000c2d00000, 0x00000000c2c00000| Untracked 
|   9|0x00000000c2d00000, 0x00000000c2e00000, 0x00000000c2e00000|100%| O|  |TAMS 0x00000000c2e00000, 0x00000000c2d00000| Untracked 
|  10|0x00000000c2e00000, 0x00000000c2f00000, 0x00000000c2f00000|100%| O|  |TAMS 0x00000000c2f00000, 0x00000000c2e00000| Untracked 
|  11|0x00000000c2f00000, 0x00000000c3000000, 0x00000000c3000000|100%| O|  |TAMS 0x00000000c3000000, 0x00000000c2f00000| Untracked 
|  12|0x00000000c3000000, 0x00000000c3100000, 0x00000000c3100000|100%| O|  |TAMS 0x00000000c3100000, 0x00000000c3000000| Untracked 
|  13|0x00000000c3100000, 0x00000000c3200000, 0x00000000c3200000|100%| O|  |TAMS 0x00000000c3200000, 0x00000000c3100000| Untracked 
|  14|0x00000000c3200000, 0x00000000c3300000, 0x00000000c3300000|100%| O|  |TAMS 0x00000000c3300000, 0x00000000c3200000| Untracked 
|  15|0x00000000c3300000, 0x00000000c3400000, 0x00000000c3400000|100%| O|  |TAMS 0x00000000c3400000, 0x00000000c3300000| Untracked 
|  16|0x00000000c3400000, 0x00000000c3500000, 0x00000000c3500000|100%| O|  |TAMS 0x00000000c3500000, 0x00000000c3400000| Untracked 
|  17|0x00000000c3500000, 0x00000000c3600000, 0x00000000c3600000|100%| O|  |TAMS 0x00000000c3600000, 0x00000000c3500000| Untracked 
|  18|0x00000000c3600000, 0x00000000c3700000, 0x00000000c3700000|100%| O|  |TAMS 0x00000000c3700000, 0x00000000c3600000| Untracked 
|  19|0x00000000c3700000, 0x00000000c3800000, 0x00000000c3800000|100%| O|  |TAMS 0x00000000c3800000, 0x00000000c3700000| Untracked 
|  20|0x00000000c3800000, 0x00000000c3900000, 0x00000000c3900000|100%| O|  |TAMS 0x00000000c3900000, 0x00000000c3800000| Untracked 
|  21|0x00000000c3900000, 0x00000000c3a00000, 0x00000000c3a00000|100%| O|  |TAMS 0x00000000c3a00000, 0x00000000c3900000| Untracked 
|  22|0x00000000c3a00000, 0x00000000c3b00000, 0x00000000c3b00000|100%| O|  |TAMS 0x00000000c3b00000, 0x00000000c3a00000| Untracked 
|  23|0x00000000c3b00000, 0x00000000c3c00000, 0x00000000c3c00000|100%| O|  |TAMS 0x00000000c3c00000, 0x00000000c3b00000| Untracked 
|  24|0x00000000c3c00000, 0x00000000c3d00000, 0x00000000c3d00000|100%| O|  |TAMS 0x00000000c3d00000, 0x00000000c3c00000| Untracked 
|  25|0x00000000c3d00000, 0x00000000c3e00000, 0x00000000c3e00000|100%| O|  |TAMS 0x00000000c3e00000, 0x00000000c3d00000| Untracked 
|  26|0x00000000c3e00000, 0x00000000c3e00000, 0x00000000c3f00000|  0%| F|  |TAMS 0x00000000c3e00000, 0x00000000c3e00000| Untracked 
|  27|0x00000000c3f00000, 0x00000000c3f00000, 0x00000000c4000000|  0%| F|  |TAMS 0x00000000c3f00000, 0x00000000c3f00000| Untracked 
|  28|0x00000000c4000000, 0x00000000c4100000, 0x00000000c4100000|100%| O|  |TAMS 0x00000000c4000000, 0x00000000c4000000| Untracked 
|  29|0x00000000c4100000, 0x00000000c4200000, 0x00000000c4200000|100%| O|  |TAMS 0x00000000c4200000, 0x00000000c4100000| Untracked 
|  30|0x00000000c4200000, 0x00000000c4300000, 0x00000000c4300000|100%|HS|  |TAMS 0x00000000c4300000, 0x00000000c4200000| Complete 
|  31|0x00000000c4300000, 0x00000000c4400000, 0x00000000c4400000|100%|HC|  |TAMS 0x00000000c4400000, 0x00000000c4300000| Complete 
|  32|0x00000000c4400000, 0x00000000c4500000, 0x00000000c4500000|100%| O|  |TAMS 0x00000000c4500000, 0x00000000c4400000| Untracked 
|  33|0x00000000c4500000, 0x00000000c4600000, 0x00000000c4600000|100%| O|  |TAMS 0x00000000c4600000, 0x00000000c4500000| Untracked 
|  34|0x00000000c4600000, 0x00000000c4700000, 0x00000000c4700000|100%| O|  |TAMS 0x00000000c4700000, 0x00000000c4600000| Untracked 
|  35|0x00000000c4700000, 0x00000000c4800000, 0x00000000c4800000|100%| O|  |TAMS 0x00000000c4800000, 0x00000000c4700000| Untracked 
|  36|0x00000000c4800000, 0x00000000c4900000, 0x00000000c4900000|100%| O|  |TAMS 0x00000000c4900000, 0x00000000c4800000| Untracked 
|  37|0x00000000c4900000, 0x00000000c4a00000, 0x00000000c4a00000|100%| O|  |TAMS 0x00000000c4a00000, 0x00000000c4900000| Untracked 
|  38|0x00000000c4a00000, 0x00000000c4b00000, 0x00000000c4b00000|100%| O|  |TAMS 0x00000000c4b00000, 0x00000000c4a00000| Untracked 
|  39|0x00000000c4b00000, 0x00000000c4c00000, 0x00000000c4c00000|100%| O|  |TAMS 0x00000000c4c00000, 0x00000000c4b00000| Untracked 
|  40|0x00000000c4c00000, 0x00000000c4d00000, 0x00000000c4d00000|100%| O|  |TAMS 0x00000000c4d00000, 0x00000000c4c00000| Untracked 
|  41|0x00000000c4d00000, 0x00000000c4e00000, 0x00000000c4e00000|100%| O|  |TAMS 0x00000000c4e00000, 0x00000000c4d00000| Untracked 
|  42|0x00000000c4e00000, 0x00000000c4f00000, 0x00000000c4f00000|100%| O|  |TAMS 0x00000000c4f00000, 0x00000000c4e00000| Untracked 
|  43|0x00000000c4f00000, 0x00000000c5000000, 0x00000000c5000000|100%| O|  |TAMS 0x00000000c5000000, 0x00000000c4f00000| Untracked 
|  44|0x00000000c5000000, 0x00000000c5100000, 0x00000000c5100000|100%| O|  |TAMS 0x00000000c5100000, 0x00000000c5000000| Untracked 
|  45|0x00000000c5100000, 0x00000000c5200000, 0x00000000c5200000|100%| O|  |TAMS 0x00000000c5200000, 0x00000000c5100000| Untracked 
|  46|0x00000000c5200000, 0x00000000c5300000, 0x00000000c5300000|100%| O|  |TAMS 0x00000000c52eea00, 0x00000000c5200000| Untracked 
|  47|0x00000000c5300000, 0x00000000c5400000, 0x00000000c5400000|100%| O|  |TAMS 0x00000000c5300000, 0x00000000c5300000| Untracked 
|  48|0x00000000c5400000, 0x00000000c5500000, 0x00000000c5500000|100%| O|  |TAMS 0x00000000c5400000, 0x00000000c5400000| Untracked 
|  49|0x00000000c5500000, 0x00000000c5600000, 0x00000000c5600000|100%| O|  |TAMS 0x00000000c5500000, 0x00000000c5500000| Untracked 
|  50|0x00000000c5600000, 0x00000000c5700000, 0x00000000c5700000|100%| O|  |TAMS 0x00000000c5600000, 0x00000000c5600000| Untracked 
|  51|0x00000000c5700000, 0x00000000c5800000, 0x00000000c5800000|100%| O|  |TAMS 0x00000000c5700000, 0x00000000c5700000| Untracked 
|  52|0x00000000c5800000, 0x00000000c5900000, 0x00000000c5900000|100%| O|  |TAMS 0x00000000c5800000, 0x00000000c5800000| Untracked 
|  53|0x00000000c5900000, 0x00000000c5a00000, 0x00000000c5a00000|100%| O|  |TAMS 0x00000000c5900000, 0x00000000c5900000| Untracked 
|  54|0x00000000c5a00000, 0x00000000c5ae3800, 0x00000000c5b00000| 88%| O|  |TAMS 0x00000000c5a00000, 0x00000000c5a00000| Untracked 
|  55|0x00000000c5b00000, 0x00000000c5b00000, 0x00000000c5c00000|  0%| F|  |TAMS 0x00000000c5b00000, 0x00000000c5b00000| Untracked 
|  56|0x00000000c5c00000, 0x00000000c5c00000, 0x00000000c5d00000|  0%| F|  |TAMS 0x00000000c5c00000, 0x00000000c5c00000| Untracked 
|  57|0x00000000c5d00000, 0x00000000c5d00000, 0x00000000c5e00000|  0%| F|  |TAMS 0x00000000c5d00000, 0x00000000c5d00000| Untracked 
|  58|0x00000000c5e00000, 0x00000000c5e00000, 0x00000000c5f00000|  0%| F|  |TAMS 0x00000000c5e00000, 0x00000000c5e00000| Untracked 
|  59|0x00000000c5f00000, 0x00000000c5f00000, 0x00000000c6000000|  0%| F|  |TAMS 0x00000000c5f00000, 0x00000000c5f00000| Untracked 
|  60|0x00000000c6000000, 0x00000000c6000000, 0x00000000c6100000|  0%| F|  |TAMS 0x00000000c6000000, 0x00000000c6000000| Untracked 
|  61|0x00000000c6100000, 0x00000000c6100000, 0x00000000c6200000|  0%| F|  |TAMS 0x00000000c6100000, 0x00000000c6100000| Untracked 
|  62|0x00000000c6200000, 0x00000000c6200000, 0x00000000c6300000|  0%| F|  |TAMS 0x00000000c6200000, 0x00000000c6200000| Untracked 
|  63|0x00000000c6300000, 0x00000000c6300000, 0x00000000c6400000|  0%| F|  |TAMS 0x00000000c6300000, 0x00000000c6300000| Untracked 
|  64|0x00000000c6400000, 0x00000000c6400000, 0x00000000c6500000|  0%| F|  |TAMS 0x00000000c6400000, 0x00000000c6400000| Untracked 
|  65|0x00000000c6500000, 0x00000000c6500000, 0x00000000c6600000|  0%| F|  |TAMS 0x00000000c6500000, 0x00000000c6500000| Untracked 
|  66|0x00000000c6600000, 0x00000000c6600000, 0x00000000c6700000|  0%| F|  |TAMS 0x00000000c6600000, 0x00000000c6600000| Untracked 
|  67|0x00000000c6700000, 0x00000000c6700000, 0x00000000c6800000|  0%| F|  |TAMS 0x00000000c6700000, 0x00000000c6700000| Untracked 
|  68|0x00000000c6800000, 0x00000000c6800000, 0x00000000c6900000|  0%| F|  |TAMS 0x00000000c6800000, 0x00000000c6800000| Untracked 
|  69|0x00000000c6900000, 0x00000000c6900000, 0x00000000c6a00000|  0%| F|  |TAMS 0x00000000c6900000, 0x00000000c6900000| Untracked 
|  70|0x00000000c6a00000, 0x00000000c6a00000, 0x00000000c6b00000|  0%| F|  |TAMS 0x00000000c6a00000, 0x00000000c6a00000| Untracked 
|  71|0x00000000c6b00000, 0x00000000c6b00000, 0x00000000c6c00000|  0%| F|  |TAMS 0x00000000c6b00000, 0x00000000c6b00000| Untracked 
|  72|0x00000000c6c00000, 0x00000000c6c00000, 0x00000000c6d00000|  0%| F|  |TAMS 0x00000000c6c00000, 0x00000000c6c00000| Untracked 
|  73|0x00000000c6d00000, 0x00000000c6d00000, 0x00000000c6e00000|  0%| F|  |TAMS 0x00000000c6d00000, 0x00000000c6d00000| Untracked 
|  74|0x00000000c6e00000, 0x00000000c6e00000, 0x00000000c6f00000|  0%| F|  |TAMS 0x00000000c6e00000, 0x00000000c6e00000| Untracked 
|  75|0x00000000c6f00000, 0x00000000c6f00000, 0x00000000c7000000|  0%| F|  |TAMS 0x00000000c6f00000, 0x00000000c6f00000| Untracked 
|  76|0x00000000c7000000, 0x00000000c7000000, 0x00000000c7100000|  0%| F|  |TAMS 0x00000000c7000000, 0x00000000c7000000| Untracked 
|  77|0x00000000c7100000, 0x00000000c7100000, 0x00000000c7200000|  0%| F|  |TAMS 0x00000000c7100000, 0x00000000c7100000| Untracked 
|  78|0x00000000c7200000, 0x00000000c7200000, 0x00000000c7300000|  0%| F|  |TAMS 0x00000000c7200000, 0x00000000c7200000| Untracked 
|  79|0x00000000c7300000, 0x00000000c7300000, 0x00000000c7400000|  0%| F|  |TAMS 0x00000000c7300000, 0x00000000c7300000| Untracked 
|  80|0x00000000c7400000, 0x00000000c7400000, 0x00000000c7500000|  0%| F|  |TAMS 0x00000000c7400000, 0x00000000c7400000| Untracked 
|  81|0x00000000c7500000, 0x00000000c7500000, 0x00000000c7600000|  0%| F|  |TAMS 0x00000000c7500000, 0x00000000c7500000| Untracked 
|  82|0x00000000c7600000, 0x00000000c7600000, 0x00000000c7700000|  0%| F|  |TAMS 0x00000000c7600000, 0x00000000c7600000| Untracked 
|  83|0x00000000c7700000, 0x00000000c7700000, 0x00000000c7800000|  0%| F|  |TAMS 0x00000000c7700000, 0x00000000c7700000| Untracked 
|  84|0x00000000c7800000, 0x00000000c7800000, 0x00000000c7900000|  0%| F|  |TAMS 0x00000000c7800000, 0x00000000c7800000| Untracked 
|  85|0x00000000c7900000, 0x00000000c7900000, 0x00000000c7a00000|  0%| F|  |TAMS 0x00000000c7900000, 0x00000000c7900000| Untracked 
|  86|0x00000000c7a00000, 0x00000000c7a00000, 0x00000000c7b00000|  0%| F|  |TAMS 0x00000000c7a00000, 0x00000000c7a00000| Untracked 
|  87|0x00000000c7b00000, 0x00000000c7b00000, 0x00000000c7c00000|  0%| F|  |TAMS 0x00000000c7b00000, 0x00000000c7b00000| Untracked 
|  88|0x00000000c7c00000, 0x00000000c7c00000, 0x00000000c7d00000|  0%| F|  |TAMS 0x00000000c7c00000, 0x00000000c7c00000| Untracked 
|  89|0x00000000c7d00000, 0x00000000c7d00000, 0x00000000c7e00000|  0%| F|  |TAMS 0x00000000c7d00000, 0x00000000c7d00000| Untracked 
|  90|0x00000000c7e00000, 0x00000000c7e00000, 0x00000000c7f00000|  0%| F|  |TAMS 0x00000000c7e00000, 0x00000000c7e00000| Untracked 
|  91|0x00000000c7f00000, 0x00000000c7f00000, 0x00000000c8000000|  0%| F|  |TAMS 0x00000000c7f00000, 0x00000000c7f00000| Untracked 
|  92|0x00000000c8000000, 0x00000000c8000000, 0x00000000c8100000|  0%| F|  |TAMS 0x00000000c8000000, 0x00000000c8000000| Untracked 
|  93|0x00000000c8100000, 0x00000000c8100000, 0x00000000c8200000|  0%| F|  |TAMS 0x00000000c8100000, 0x00000000c8100000| Untracked 
|  94|0x00000000c8200000, 0x00000000c8200000, 0x00000000c8300000|  0%| F|  |TAMS 0x00000000c8200000, 0x00000000c8200000| Untracked 
|  95|0x00000000c8300000, 0x00000000c8359660, 0x00000000c8400000| 34%| S|CS|TAMS 0x00000000c8300000, 0x00000000c8300000| Complete 
|  96|0x00000000c8400000, 0x00000000c8400000, 0x00000000c8500000|  0%| F|  |TAMS 0x00000000c8400000, 0x00000000c8400000| Untracked 
|  97|0x00000000c8500000, 0x00000000c8500000, 0x00000000c8600000|  0%| F|  |TAMS 0x00000000c8500000, 0x00000000c8500000| Untracked 

Card table byte_map: [0x00000224a85b0000,0x00000224a87a0000] _byte_map_base: 0x00000224a7f9e000

Marking Bits (Prev, Next): (CMBitMap*) 0x0000022495f28eb0, (CMBitMap*) 0x0000022495f28ef0
 Prev Bits: [0x00000224a8990000, 0x00000224a9900000)
 Next Bits: [0x00000224a9900000, 0x00000224aa870000)

Polling page: 0x00000224956b0000

Metaspace:

Usage:
  Non-class:     57.17 MB used.
      Class:      7.57 MB used.
       Both:     64.74 MB used.

Virtual space:
  Non-class space:       64.00 MB reserved,      57.25 MB ( 89%) committed,  1 nodes.
      Class space:        1.00 GB reserved,       7.69 MB ( <1%) committed,  1 nodes.
             Both:        1.06 GB reserved,      64.94 MB (  6%) committed. 

Chunk freelists:
   Non-Class:  6.69 MB
       Class:  8.33 MB
        Both:  15.02 MB

MaxMetaspaceSize: unlimited
CompressedClassSpaceSize: 1.00 GB
Initial GC threshold: 21.00 MB
Current GC threshold: 100.00 MB
CDS: off
MetaspaceReclaimPolicy: balanced
 - commit_granule_bytes: 65536.
 - commit_granule_words: 8192.
 - virtual_space_node_default_size: 8388608.
 - enlarge_chunks_in_place: 1.
 - new_chunks_are_fully_committed: 0.
 - uncommit_free_chunks: 1.
 - use_allocation_guard: 0.
 - handle_deallocations: 1.


Internal statistics:

num_allocs_failed_limit: 6.
num_arena_births: 220.
num_arena_deaths: 0.
num_vsnodes_births: 2.
num_vsnodes_deaths: 0.
num_space_committed: 1037.
num_space_uncommitted: 0.
num_chunks_returned_to_freelist: 6.
num_chunks_taken_from_freelist: 2180.
num_chunk_merges: 6.
num_chunk_splits: 1877.
num_chunks_enlarged: 1732.
num_inconsistent_stats: 0.

CodeHeap 'non-profiled nmethods': size=120000Kb used=3246Kb max_used=3246Kb free=116753Kb
 bounds [0x00000224a0e90000, 0x00000224a11c0000, 0x00000224a83c0000]
CodeHeap 'profiled nmethods': size=120000Kb used=15439Kb max_used=15439Kb free=104560Kb
 bounds [0x00000224993c0000, 0x000002249a2e0000, 0x00000224a08f0000]
CodeHeap 'non-nmethods': size=5760Kb used=1353Kb max_used=1394Kb free=4407Kb
 bounds [0x00000224a08f0000, 0x00000224a0b60000, 0x00000224a0e90000]
 total_blobs=6905 nmethods=6223 adapters=591
 compilation: enabled
              stopped_count=0, restarted_count=0
 full_count=0

Compilation events (20 events):
Event: 16.312 Thread 0x00000224acd90610 6997       1       org.jetbrains.kotlin.backend.common.phaser.PhaserState::setDepth (6 bytes)
Event: 16.312 Thread 0x00000224acd90610 nmethod 6997 0x00000224a11ba890 code [0x00000224a11baa20, 0x00000224a11baaf8]
Event: 16.312 Thread 0x00000224acd90610 6998       1       org.jetbrains.kotlin.backend.common.phaser.PhaseConfig::getCheckConditions (5 bytes)
Event: 16.313 Thread 0x00000224acd90610 nmethod 6998 0x00000224a11bab90 code [0x00000224a11bad20, 0x00000224a11badf8]
Event: 16.348 Thread 0x00000224acd90610 6999       3       org.jetbrains.kotlin.ir.expressions.IrExpression::transform (25 bytes)
Event: 16.349 Thread 0x00000224acd90610 nmethod 6999 0x000002249a2d3310 code [0x000002249a2d35a0, 0x000002249a2d4258]
Event: 16.349 Thread 0x00000224acd90610 7000       1       org.jetbrains.kotlin.ir.expressions.impl.IrBlockBodyImpl::getStatements (5 bytes)
Event: 16.349 Thread 0x00000224acd90610 nmethod 7000 0x00000224a11bae90 code [0x00000224a11bb020, 0x00000224a11bb0f8]
Event: 16.350 Thread 0x00000224acd90610 7001       3       org.jetbrains.kotlin.ir.visitors.IrElementTransformerVoid::visitExpression (18 bytes)
Event: 16.350 Thread 0x00000224acd90610 nmethod 7001 0x000002249a2d4690 code [0x000002249a2d48a0, 0x000002249a2d4f08]
Event: 16.356 Thread 0x00000224acd90610 7002       1       org.jetbrains.kotlin.ir.expressions.impl.IrReturnImpl::getValue (5 bytes)
Event: 16.356 Thread 0x00000224acd90610 nmethod 7002 0x00000224a11bb190 code [0x00000224a11bb320, 0x00000224a11bb3f8]
Event: 16.362 Thread 0x00000224acd90610 7003       3       org.jetbrains.kotlin.ir.expressions.IrErrorExpression::accept (15 bytes)
Event: 16.363 Thread 0x00000224acd90610 nmethod 7003 0x000002249a2d5190 code [0x000002249a2d53a0, 0x000002249a2d5a28]
Event: 16.364 Thread 0x00000224acd90610 7004       1       org.jetbrains.kotlin.ir.declarations.impl.IrValueParameterImpl::getFactory (5 bytes)
Event: 16.364 Thread 0x00000224acd90610 nmethod 7004 0x00000224a11bb490 code [0x00000224a11bb620, 0x00000224a11bb6f8]
Event: 16.368 Thread 0x00000224acd90610 7005       3       org.jetbrains.kotlin.ir.IrElementBase::transformChildren (7 bytes)
Event: 16.368 Thread 0x00000224acd90610 nmethod 7005 0x000002249a2d5c90 code [0x000002249a2d5ea0, 0x000002249a2d6418]
Event: 16.368 Thread 0x00000224acd90610 7006       1       org.jetbrains.kotlin.ir.expressions.impl.IrCallImpl::getValueArguments (5 bytes)
Event: 16.368 Thread 0x00000224acd90610 nmethod 7006 0x00000224a11bb790 code [0x00000224a11bb920, 0x00000224a11bb9f8]

GC Heap History (20 events):
Event: 6.902 GC heap after
{Heap after GC invocations=14 (full 0):
 garbage-first heap   total 49152K, used 23668K [0x00000000c2400000, 0x0000000100000000)
  region size 1024K, 2 young (2048K), 2 survivors (2048K)
 Metaspace       used 45389K, committed 45632K, reserved 1114112K
  class space    used 5590K, committed 5696K, reserved 1048576K
}
Event: 7.190 GC heap before
{Heap before GC invocations=14 (full 0):
 garbage-first heap   total 49152K, used 35956K [0x00000000c2400000, 0x0000000100000000)
  region size 1024K, 15 young (15360K), 2 survivors (2048K)
 Metaspace       used 45928K, committed 46144K, reserved 1114112K
  class space    used 5633K, committed 5696K, reserved 1048576K
}
Event: 7.197 GC heap after
{Heap after GC invocations=15 (full 0):
 garbage-first heap   total 49152K, used 25730K [0x00000000c2400000, 0x0000000100000000)
  region size 1024K, 2 young (2048K), 2 survivors (2048K)
 Metaspace       used 45928K, committed 46144K, reserved 1114112K
  class space    used 5633K, committed 5696K, reserved 1048576K
}
Event: 7.380 GC heap before
{Heap before GC invocations=16 (full 0):
 garbage-first heap   total 50176K, used 36994K [0x00000000c2400000, 0x0000000100000000)
  region size 1024K, 13 young (13312K), 2 survivors (2048K)
 Metaspace       used 45965K, committed 46144K, reserved 1114112K
  class space    used 5633K, committed 5696K, reserved 1048576K
}
Event: 7.390 GC heap after
{Heap after GC invocations=17 (full 0):
 garbage-first heap   total 50176K, used 29360K [0x00000000c2400000, 0x0000000100000000)
  region size 1024K, 2 young (2048K), 2 survivors (2048K)
 Metaspace       used 45965K, committed 46144K, reserved 1114112K
  class space    used 5633K, committed 5696K, reserved 1048576K
}
Event: 7.402 GC heap before
{Heap before GC invocations=17 (full 0):
 garbage-first heap   total 50176K, used 30384K [0x00000000c2400000, 0x0000000100000000)
  region size 1024K, 3 young (3072K), 2 survivors (2048K)
 Metaspace       used 45970K, committed 46144K, reserved 1114112K
  class space    used 5633K, committed 5696K, reserved 1048576K
}
Event: 7.411 GC heap after
{Heap after GC invocations=18 (full 0):
 garbage-first heap   total 100352K, used 29697K [0x00000000c2400000, 0x0000000100000000)
  region size 1024K, 1 young (1024K), 1 survivors (1024K)
 Metaspace       used 45970K, committed 46144K, reserved 1114112K
  class space    used 5633K, committed 5696K, reserved 1048576K
}
Event: 9.089 GC heap before
{Heap before GC invocations=18 (full 0):
 garbage-first heap   total 100352K, used 73729K [0x00000000c2400000, 0x0000000100000000)
  region size 1024K, 42 young (43008K), 1 survivors (1024K)
 Metaspace       used 47908K, committed 48192K, reserved 1114112K
  class space    used 5826K, committed 5952K, reserved 1048576K
}
Event: 9.105 GC heap after
{Heap after GC invocations=19 (full 0):
 garbage-first heap   total 100352K, used 36427K [0x00000000c2400000, 0x0000000100000000)
  region size 1024K, 6 young (6144K), 6 survivors (6144K)
 Metaspace       used 47908K, committed 48192K, reserved 1114112K
  class space    used 5826K, committed 5952K, reserved 1048576K
}
Event: 11.733 GC heap before
{Heap before GC invocations=19 (full 0):
 garbage-first heap   total 100352K, used 71243K [0x00000000c2400000, 0x0000000100000000)
  region size 1024K, 40 young (40960K), 6 survivors (6144K)
 Metaspace       used 52376K, committed 52608K, reserved 1114112K
  class space    used 6301K, committed 6400K, reserved 1048576K
}
Event: 11.759 GC heap after
{Heap after GC invocations=20 (full 0):
 garbage-first heap   total 100352K, used 42060K [0x00000000c2400000, 0x0000000100000000)
  region size 1024K, 5 young (5120K), 5 survivors (5120K)
 Metaspace       used 52376K, committed 52608K, reserved 1114112K
  class space    used 6301K, committed 6400K, reserved 1048576K
}
Event: 13.100 GC heap before
{Heap before GC invocations=20 (full 0):
 garbage-first heap   total 100352K, used 72780K [0x00000000c2400000, 0x0000000100000000)
  region size 1024K, 35 young (35840K), 5 survivors (5120K)
 Metaspace       used 53998K, committed 54272K, reserved 1114112K
  class space    used 6438K, committed 6592K, reserved 1048576K
}
Event: 13.128 GC heap after
{Heap after GC invocations=21 (full 0):
 garbage-first heap   total 100352K, used 47455K [0x00000000c2400000, 0x0000000100000000)
  region size 1024K, 5 young (5120K), 5 survivors (5120K)
 Metaspace       used 53998K, committed 54272K, reserved 1114112K
  class space    used 6438K, committed 6592K, reserved 1048576K
}
Event: 14.600 GC heap before
{Heap before GC invocations=21 (full 0):
 garbage-first heap   total 100352K, used 75103K [0x00000000c2400000, 0x0000000100000000)
  region size 1024K, 32 young (32768K), 5 survivors (5120K)
 Metaspace       used 58546K, committed 58752K, reserved 1114112K
  class space    used 6931K, committed 7040K, reserved 1048576K
}
Event: 14.624 GC heap after
{Heap after GC invocations=22 (full 0):
 garbage-first heap   total 100352K, used 51585K [0x00000000c2400000, 0x0000000100000000)
  region size 1024K, 4 young (4096K), 4 survivors (4096K)
 Metaspace       used 58546K, committed 58752K, reserved 1114112K
  class space    used 6931K, committed 7040K, reserved 1048576K
}
Event: 15.377 GC heap before
{Heap before GC invocations=22 (full 0):
 garbage-first heap   total 100352K, used 76161K [0x00000000c2400000, 0x0000000100000000)
  region size 1024K, 29 young (29696K), 4 survivors (4096K)
 Metaspace       used 60525K, committed 60736K, reserved 1114112K
  class space    used 7122K, committed 7232K, reserved 1048576K
}
Event: 15.395 GC heap after
{Heap after GC invocations=23 (full 0):
 garbage-first heap   total 100352K, used 55091K [0x00000000c2400000, 0x0000000100000000)
  region size 1024K, 4 young (4096K), 4 survivors (4096K)
 Metaspace       used 60525K, committed 60736K, reserved 1114112K
  class space    used 7122K, committed 7232K, reserved 1048576K
}
Event: 16.279 GC heap before
{Heap before GC invocations=24 (full 0):
 garbage-first heap   total 100352K, used 76595K [0x00000000c2400000, 0x0000000100000000)
  region size 1024K, 27 young (27648K), 4 survivors (4096K)
 Metaspace       used 65716K, committed 65984K, reserved 1114112K
  class space    used 7668K, committed 7808K, reserved 1048576K
}
Event: 16.296 GC heap after
{Heap after GC invocations=25 (full 0):
 garbage-first heap   total 100352K, used 55564K [0x00000000c2400000, 0x0000000100000000)
  region size 1024K, 2 young (2048K), 2 survivors (2048K)
 Metaspace       used 65716K, committed 65984K, reserved 1114112K
  class space    used 7668K, committed 7808K, reserved 1048576K
}
Event: 16.369 GC heap before
{Heap before GC invocations=25 (full 0):
 garbage-first heap   total 100352K, used 56588K [0x00000000c2400000, 0x0000000100000000)
  region size 1024K, 4 young (4096K), 2 survivors (2048K)
 Metaspace       used 66291K, committed 66496K, reserved 1114112K
  class space    used 7751K, committed 7872K, reserved 1048576K
}

Dll operation events (2 events):
Event: 0.011 Loaded shared library C:\Program Files\Android\Android Studio\jbr\bin\java.dll
Event: 3.124 Loaded shared library C:\Program Files\Android\Android Studio\jbr\bin\verify.dll

Deoptimization events (20 events):
Event: 16.078 Thread 0x0000022495eeb7e0 Uncommon trap: trap_request=0xffffff45 fr.pc=0x00000224a10e35a8 relative=0x0000000000000dc8
Event: 16.078 Thread 0x0000022495eeb7e0 Uncommon trap: reason=unstable_if action=reinterpret pc=0x00000224a10e35a8 method=org.jetbrains.kotlin.util.Checks.isApplicable(Lorg/jetbrains/kotlin/descriptors/FunctionDescriptor;)Z @ 26 c2
Event: 16.078 Thread 0x0000022495eeb7e0 DEOPT PACKING pc=0x00000224a10e35a8 sp=0x000000452aafa970
Event: 16.078 Thread 0x0000022495eeb7e0 DEOPT UNPACKING pc=0x00000224a09469a3 sp=0x000000452aafa918 mode 2
Event: 16.078 Thread 0x0000022495eeb7e0 Uncommon trap: trap_request=0xffffff45 fr.pc=0x00000224a11152d4 relative=0x0000000000000134
Event: 16.078 Thread 0x0000022495eeb7e0 Uncommon trap: reason=unstable_if action=reinterpret pc=0x00000224a11152d4 method=org.jetbrains.kotlin.util.AbstractModifierChecks.check(Lorg/jetbrains/kotlin/descriptors/FunctionDescriptor;)Lorg/jetbrains/kotlin/util/CheckResult; @ 40 c2
Event: 16.078 Thread 0x0000022495eeb7e0 DEOPT PACKING pc=0x00000224a11152d4 sp=0x000000452aafa9c0
Event: 16.079 Thread 0x0000022495eeb7e0 DEOPT UNPACKING pc=0x00000224a09469a3 sp=0x000000452aafa950 mode 2
Event: 16.112 Thread 0x0000022495eeb7e0 Uncommon trap: trap_request=0xffffffde fr.pc=0x00000224a1165b24 relative=0x0000000000000164
Event: 16.112 Thread 0x0000022495eeb7e0 Uncommon trap: reason=class_check action=maybe_recompile pc=0x00000224a1165b24 method=org.jetbrains.kotlin.descriptors.impl.FunctionDescriptorImpl.getOriginal()Lorg/jetbrains/kotlin/descriptors/FunctionDescriptor; @ 16 c2
Event: 16.113 Thread 0x0000022495eeb7e0 DEOPT PACKING pc=0x00000224a1165b24 sp=0x000000452aafab90
Event: 16.113 Thread 0x0000022495eeb7e0 DEOPT UNPACKING pc=0x00000224a09469a3 sp=0x000000452aafaa70 mode 2
Event: 16.119 Thread 0x0000022495eeb7e0 Uncommon trap: trap_request=0xffffffde fr.pc=0x00000224a1165b24 relative=0x0000000000000164
Event: 16.119 Thread 0x0000022495eeb7e0 Uncommon trap: reason=class_check action=maybe_recompile pc=0x00000224a1165b24 method=org.jetbrains.kotlin.descriptors.impl.FunctionDescriptorImpl.getOriginal()Lorg/jetbrains/kotlin/descriptors/FunctionDescriptor; @ 16 c2
Event: 16.119 Thread 0x0000022495eeb7e0 DEOPT PACKING pc=0x00000224a1165b24 sp=0x000000452aafb110
Event: 16.119 Thread 0x0000022495eeb7e0 DEOPT UNPACKING pc=0x00000224a09469a3 sp=0x000000452aafaff0 mode 2
Event: 16.269 Thread 0x0000022495eeb7e0 Uncommon trap: trap_request=0xffffffde fr.pc=0x00000224a1165b24 relative=0x0000000000000164
Event: 16.269 Thread 0x0000022495eeb7e0 Uncommon trap: reason=class_check action=maybe_recompile pc=0x00000224a1165b24 method=org.jetbrains.kotlin.descriptors.impl.FunctionDescriptorImpl.getOriginal()Lorg/jetbrains/kotlin/descriptors/FunctionDescriptor; @ 16 c2
Event: 16.269 Thread 0x0000022495eeb7e0 DEOPT PACKING pc=0x00000224a1165b24 sp=0x000000452aafc140
Event: 16.269 Thread 0x0000022495eeb7e0 DEOPT UNPACKING pc=0x00000224a09469a3 sp=0x000000452aafc018 mode 2

Classes unloaded (0 events):
No events

Classes redefined (0 events):
No events

Internal exceptions (20 events):
Event: 3.377 Thread 0x0000022495eeb7e0 Exception <a 'java/lang/NoSuchMethodError'{0x00000000c32d4f50}: 'java.lang.Object java.lang.invoke.Invokers$Holder.invokeExact_MT(java.lang.Object, java.lang.Object, java.lang.Object, java.lang.Object, java.lang.Object, java.lang.Object)'> (0x00000000c32d4f50) 
thrown [s\src\hotspot\share\interpreter\linkResolver.cpp, line 771]
Event: 4.225 Thread 0x0000022495eeb7e0 Implicit null exception at 0x00000224a0ea9072 to 0x00000224a0ea968c
Event: 4.520 Thread 0x0000022495eeb7e0 Implicit null exception at 0x00000224a0ea83f2 to 0x00000224a0ea8a2c
Event: 4.622 Thread 0x0000022495eeb7e0 Exception <a 'java/lang/NoSuchMethodError'{0x00000000c4473218}: 'java.lang.Object java.lang.invoke.DirectMethodHandle$Holder.invokeVirtual(java.lang.Object, java.lang.Object, java.lang.Object)'> (0x00000000c4473218) 
thrown [s\src\hotspot\share\interpreter\linkResolver.cpp, line 771]
Event: 6.382 Thread 0x0000022495eeb7e0 Exception <a 'java/lang/NoSuchMethodError'{0x00000000c4f9dca8}: 'java.lang.Object java.lang.invoke.DirectMethodHandle$Holder.newInvokeSpecial(java.lang.Object, java.lang.Object, int)'> (0x00000000c4f9dca8) 
thrown [s\src\hotspot\share\interpreter\linkResolver.cpp, line 771]
Event: 6.466 Thread 0x0000022495eeb7e0 Implicit null exception at 0x00000224a0fa7e01 to 0x00000224a0fa7ffc
Event: 10.351 Thread 0x0000022495eeb7e0 Exception <a 'java/lang/NoSuchMethodError'{0x00000000c76e04a0}: 'java.lang.Object java.lang.invoke.DirectMethodHandle$Holder.newInvokeSpecial(java.lang.Object, java.lang.Object, java.lang.Object, int)'> (0x00000000c76e04a0) 
thrown [s\src\hotspot\share\interpreter\linkResolver.cpp, line 771]
Event: 10.352 Thread 0x0000022495eeb7e0 Exception <a 'java/lang/NoSuchMethodError'{0x00000000c76e4880}: 'java.lang.Object java.lang.invoke.DirectMethodHandle$Holder.invokeSpecial(java.lang.Object, java.lang.Object, java.lang.Object, java.lang.Object, int)'> (0x00000000c76e4880) 
thrown [s\src\hotspot\share\interpreter\linkResolver.cpp, line 771]
Event: 10.352 Thread 0x0000022495eeb7e0 Exception <a 'java/lang/NoSuchMethodError'{0x00000000c76e8448}: 'java.lang.Object java.lang.invoke.Invokers$Holder.linkToTargetMethod(java.lang.Object, java.lang.Object, int, java.lang.Object)'> (0x00000000c76e8448) 
thrown [s\src\hotspot\share\interpreter\linkResolver.cpp, line 771]
Event: 10.750 Thread 0x0000022495eeb7e0 Implicit null exception at 0x00000224a1087940 to 0x00000224a10880e4
Event: 11.258 Thread 0x0000022495eeb7e0 Exception <a 'java/lang/NoSuchMethodError'{0x00000000c69aba28}: 'java.lang.Object java.lang.invoke.DirectMethodHandle$Holder.invokeStaticInit(java.lang.Object, java.lang.Object, java.lang.Object)'> (0x00000000c69aba28) 
thrown [s\src\hotspot\share\interpreter\linkResolver.cpp, line 771]
Event: 12.686 Thread 0x0000022495eeb7e0 Exception <a 'java/lang/NoSuchMethodError'{0x00000000c7057958}: 'java.lang.Object java.lang.invoke.DirectMethodHandle$Holder.newInvokeSpecial(java.lang.Object, int, java.lang.Object)'> (0x00000000c7057958) 
thrown [s\src\hotspot\share\interpreter\linkResolver.cpp, line 771]
Event: 12.687 Thread 0x0000022495eeb7e0 Exception <a 'java/lang/NoSuchMethodError'{0x00000000c705dd10}: 'int java.lang.invoke.DirectMethodHandle$Holder.invokeInterface(java.lang.Object, java.lang.Object)'> (0x00000000c705dd10) 
thrown [s\src\hotspot\share\interpreter\linkResolver.cpp, line 771]
Event: 12.996 Thread 0x0000022495eeb7e0 Exception <a 'java/lang/NoSuchMethodError'{0x00000000c6aba788}: 'java.lang.Object java.lang.invoke.DirectMethodHandle$Holder.newInvokeSpecial(java.lang.Object, java.lang.Object, java.lang.Object, java.lang.Object, java.lang.Object, java.lang.Object)'> (0x00000000c6aba788) 
thrown [s\src\hotspot\share\interpreter\linkResolver.cpp, line 771]
Event: 13.043 Thread 0x0000022495eeb7e0 Exception <a 'java/lang/NoSuchMethodError'{0x00000000c69566e8}: 'int java.lang.invoke.DirectMethodHandle$Holder.invokeStaticInit(java.lang.Object, int)'> (0x00000000c69566e8) 
thrown [s\src\hotspot\share\interpreter\linkResolver.cpp, line 771]
Event: 14.106 Thread 0x0000022495eeb7e0 Implicit null exception at 0x00000224a100b913 to 0x00000224a100ba6c
Event: 14.652 Thread 0x0000022495eeb7e0 Implicit null exception at 0x00000224a0ef66e0 to 0x00000224a0ef677a
Event: 14.917 Thread 0x0000022495eeb7e0 Implicit null exception at 0x00000224a111d4c0 to 0x00000224a111ddcc
Event: 16.146 Thread 0x0000022495eeb7e0 Exception <a 'java/lang/NoSuchMethodError'{0x00000000c70a4360}: 'java.lang.Object java.lang.invoke.DirectMethodHandle$Holder.invokeStatic(java.lang.Object, int, java.lang.Object)'> (0x00000000c70a4360) 
thrown [s\src\hotspot\share\interpreter\linkResolver.cpp, line 771]
Event: 16.188 Thread 0x0000022495eeb7e0 Exception <a 'java/lang/NoSuchMethodError'{0x00000000c70cdbb8}: 'java.lang.Object java.lang.invoke.DirectMethodHandle$Holder.newInvokeSpecial(java.lang.Object, int, java.lang.Object, java.lang.Object)'> (0x00000000c70cdbb8) 
thrown [s\src\hotspot\share\interpreter\linkResolver.cpp, line 771]

VM Operations (20 events):
Event: 15.656 Executing VM operation: HandshakeAllThreads done
Event: 15.685 Executing VM operation: HandshakeAllThreads
Event: 15.685 Executing VM operation: HandshakeAllThreads done
Event: 15.696 Executing VM operation: HandshakeAllThreads
Event: 15.696 Executing VM operation: HandshakeAllThreads done
Event: 15.858 Executing VM operation: HandshakeAllThreads
Event: 15.858 Executing VM operation: HandshakeAllThreads done
Event: 15.936 Executing VM operation: HandshakeAllThreads
Event: 15.936 Executing VM operation: HandshakeAllThreads done
Event: 15.941 Executing VM operation: HandshakeAllThreads
Event: 15.941 Executing VM operation: HandshakeAllThreads done
Event: 16.081 Executing VM operation: HandshakeAllThreads
Event: 16.082 Executing VM operation: HandshakeAllThreads done
Event: 16.115 Executing VM operation: ICBufferFull
Event: 16.116 Executing VM operation: ICBufferFull done
Event: 16.183 Executing VM operation: HandshakeAllThreads
Event: 16.183 Executing VM operation: HandshakeAllThreads done
Event: 16.279 Executing VM operation: G1CollectForAllocation
Event: 16.296 Executing VM operation: G1CollectForAllocation done
Event: 16.369 Executing VM operation: G1CollectForAllocation

Events (20 events):
Event: 13.779 loading class jdk/internal/math/FloatingDecimal$1 done
Event: 13.779 loading class jdk/internal/math/FloatingDecimal$PreparedASCIIToBinaryBuffer
Event: 13.779 loading class jdk/internal/math/FloatingDecimal$ASCIIToBinaryConverter
Event: 13.779 loading class jdk/internal/math/FloatingDecimal$ASCIIToBinaryConverter done
Event: 13.779 loading class jdk/internal/math/FloatingDecimal$PreparedASCIIToBinaryBuffer done
Event: 13.779 loading class jdk/internal/math/FloatingDecimal$ASCIIToBinaryBuffer
Event: 13.780 loading class jdk/internal/math/FloatingDecimal$ASCIIToBinaryBuffer done
Event: 13.893 loading class java/util/regex/Pattern$Bound
Event: 13.893 loading class java/util/regex/Pattern$Bound done
Event: 13.894 loading class java/util/regex/Pattern$LookBehindEndNode
Event: 13.894 loading class java/util/regex/Pattern$LookBehindEndNode done
Event: 13.894 loading class java/util/regex/Pattern$NotBehind
Event: 13.894 loading class java/util/regex/Pattern$NotBehind done
Event: 14.274 Thread 0x00000224b3683930 Thread exited: 0x00000224b3683930
Event: 14.354 Thread 0x00000224b3aa85d0 Thread added: 0x00000224b3aa85d0
Event: 14.596 Thread 0x00000224b3aa85d0 Thread exited: 0x00000224b3aa85d0
Event: 14.792 Thread 0x00000224b3aa85d0 Thread added: 0x00000224b3aa85d0
Event: 15.055 Thread 0x00000224b10427f0 flushing nmethod 0x0000022499b37a10
Event: 15.439 Thread 0x00000224b3aa85d0 Thread exited: 0x00000224b3aa85d0
Event: 16.081 Thread 0x00000224b1264e20 Thread added: 0x00000224b1264e20


Dynamic libraries:
0x00007ff76d290000 - 0x00007ff76d29a000 	C:\Program Files\Android\Android Studio\jbr\bin\java.exe
0x00007ffc8b0f0000 - 0x00007ffc8b307000 	C:\WINDOWS\SYSTEM32\ntdll.dll
0x00007ffc8a5b0000 - 0x00007ffc8a674000 	C:\WINDOWS\System32\KERNEL32.DLL
0x00007ffc888b0000 - 0x00007ffc88c56000 	C:\WINDOWS\System32\KERNELBASE.dll
0x00007ffc88430000 - 0x00007ffc88541000 	C:\WINDOWS\System32\ucrtbase.dll
0x00007ffc70440000 - 0x00007ffc70457000 	C:\Program Files\Android\Android Studio\jbr\bin\jli.dll
0x00007ffc7aa30000 - 0x00007ffc7aa4b000 	C:\Program Files\Android\Android Studio\jbr\bin\VCRUNTIME140.dll
0x00007ffc89de0000 - 0x00007ffc89f8e000 	C:\WINDOWS\System32\USER32.dll
0x00007ffc88550000 - 0x00007ffc88576000 	C:\WINDOWS\System32\win32u.dll
0x00007ffc89540000 - 0x00007ffc89569000 	C:\WINDOWS\System32\GDI32.dll
0x00007ffc71ab0000 - 0x00007ffc71d43000 	C:\WINDOWS\WinSxS\amd64_microsoft.windows.common-controls_6595b64144ccf1df_6.0.22621.2506_none_270c5ae97388e100\COMCTL32.dll
0x00007ffc892b0000 - 0x00007ffc89357000 	C:\WINDOWS\System32\msvcrt.dll
0x00007ffc88c60000 - 0x00007ffc88d78000 	C:\WINDOWS\System32\gdi32full.dll
0x00007ffc88600000 - 0x00007ffc8869a000 	C:\WINDOWS\System32\msvcp_win.dll
0x00007ffc89500000 - 0x00007ffc89531000 	C:\WINDOWS\System32\IMM32.DLL
0x00007ffc7aaa0000 - 0x00007ffc7aaac000 	C:\Program Files\Android\Android Studio\jbr\bin\vcruntime140_1.dll
0x00007ffc54ad0000 - 0x00007ffc54b5d000 	C:\Program Files\Android\Android Studio\jbr\bin\msvcp140.dll
0x00007ffc3bd50000 - 0x00007ffc3c9d0000 	C:\Program Files\Android\Android Studio\jbr\bin\server\jvm.dll
0x00007ffc8a040000 - 0x00007ffc8a0f3000 	C:\WINDOWS\System32\ADVAPI32.dll
0x00007ffc8ae60000 - 0x00007ffc8af08000 	C:\WINDOWS\System32\sechost.dll
0x00007ffc88880000 - 0x00007ffc888a8000 	C:\WINDOWS\System32\bcrypt.dll
0x00007ffc8abe0000 - 0x00007ffc8acf7000 	C:\WINDOWS\System32\RPCRT4.dll
0x00007ffc80370000 - 0x00007ffc80379000 	C:\WINDOWS\SYSTEM32\WSOCK32.dll
0x00007ffc8a680000 - 0x00007ffc8a6f1000 	C:\WINDOWS\System32\WS2_32.dll
0x00007ffc7d8e0000 - 0x00007ffc7d914000 	C:\WINDOWS\SYSTEM32\WINMM.dll
0x00007ffc7f610000 - 0x00007ffc7f61a000 	C:\WINDOWS\SYSTEM32\VERSION.dll
0x00007ffc87450000 - 0x00007ffc87468000 	C:\WINDOWS\SYSTEM32\kernel.appcore.dll
0x00007ffc7a790000 - 0x00007ffc7a79a000 	C:\Program Files\Android\Android Studio\jbr\bin\jimage.dll
0x00007ffc82d20000 - 0x00007ffc82f53000 	C:\WINDOWS\SYSTEM32\DBGHELP.DLL
0x00007ffc8a100000 - 0x00007ffc8a489000 	C:\WINDOWS\System32\combase.dll
0x00007ffc891a0000 - 0x00007ffc89277000 	C:\WINDOWS\System32\OLEAUT32.dll
0x00007ffc63960000 - 0x00007ffc63992000 	C:\WINDOWS\SYSTEM32\dbgcore.DLL
0x00007ffc88580000 - 0x00007ffc885fa000 	C:\WINDOWS\System32\bcryptPrimitives.dll
0x00007ffc704d0000 - 0x00007ffc704f5000 	C:\Program Files\Android\Android Studio\jbr\bin\java.dll
0x00007ffc70ad0000 - 0x00007ffc70ae8000 	C:\Program Files\Android\Android Studio\jbr\bin\zip.dll
0x00007ffc89580000 - 0x00007ffc89ddb000 	C:\WINDOWS\System32\SHELL32.dll
0x00007ffc86370000 - 0x00007ffc86c66000 	C:\WINDOWS\SYSTEM32\windows.storage.dll
0x00007ffc86230000 - 0x00007ffc8636e000 	C:\WINDOWS\SYSTEM32\wintypes.dll
0x00007ffc8a490000 - 0x00007ffc8a583000 	C:\WINDOWS\System32\SHCORE.dll
0x00007ffc8af70000 - 0x00007ffc8afce000 	C:\WINDOWS\System32\shlwapi.dll
0x00007ffc88360000 - 0x00007ffc88386000 	C:\WINDOWS\SYSTEM32\profapi.dll
0x00007ffc70480000 - 0x00007ffc70499000 	C:\Program Files\Android\Android Studio\jbr\bin\net.dll
0x00007ffc7f3c0000 - 0x00007ffc7f4f7000 	C:\WINDOWS\SYSTEM32\WINHTTP.dll
0x00007ffc878d0000 - 0x00007ffc87939000 	C:\WINDOWS\system32\mswsock.dll
0x00007ffc70460000 - 0x00007ffc70476000 	C:\Program Files\Android\Android Studio\jbr\bin\nio.dll
0x00007ffc71d90000 - 0x00007ffc71da0000 	C:\Program Files\Android\Android Studio\jbr\bin\verify.dll

dbghelp: loaded successfully - version: 4.0.5 - missing functions: none
symbol engine: initialized successfully - sym options: 0x614 - pdb path: .;C:\Program Files\Android\Android Studio\jbr\bin;C:\WINDOWS\SYSTEM32;C:\WINDOWS\WinSxS\amd64_microsoft.windows.common-controls_6595b64144ccf1df_6.0.22621.2506_none_270c5ae97388e100;C:\Program Files\Android\Android Studio\jbr\bin\server

VM Arguments:
java_command: org.jetbrains.kotlin.cli.jvm.K2JVMCompiler @C:\Users\harsh\AndroidStudioProjects\WishListApp\app\build\20240229_5638970231583969972.compiler.options
java_class_path (initial): C:\Users\harsh\.gradle\caches\modules-2\files-2.1\org.jetbrains.kotlin\kotlin-compiler-embeddable\1.9.0\2c8c3a7402becca891f12739b3e9fd2dc2adbd7a\kotlin-compiler-embeddable-1.9.0.jar;C:\Users\harsh\.gradle\caches\modules-2\files-2.1\org.jetbrains.kotlin\kotlin-stdlib\1.9.0\8ee15ef0c67dc83d874f412d84378d7f0eb50b63\kotlin-stdlib-1.9.0.jar;C:\Users\harsh\.gradle\caches\modules-2\files-2.1\org.jetbrains.kotlin\kotlin-script-runtime\1.9.0\4b3102cbbb7e1b58d9d1adf89563f00069ffa7d1\kotlin-script-runtime-1.9.0.jar;C:\Users\harsh\.gradle\caches\modules-2\files-2.1\org.jetbrains.kotlin\kotlin-reflect\1.6.10\1cbe9c92c12a94eea200d23c2bbaedaf3daf5132\kotlin-reflect-1.6.10.jar;C:\Users\harsh\.gradle\caches\modules-2\files-2.1\org.jetbrains.kotlin\kotlin-daemon-embeddable\1.9.0\186543f5e28cf8d9a0290fecc2cf34301c40a65c\kotlin-daemon-embeddable-1.9.0.jar;C:\Users\harsh\.gradle\caches\modules-2\files-2.1\org.jetbrains.intellij.deps\trove4j\1.0.20200330\3afb14d5f9ceb459d724e907a21145e8ff394f02\trove4j-1.0.20200330.jar;C:\Users\harsh\.gradle\caches\modules-2\files-2.1\org.jetbrains.kotlin\kotlin-stdlib-common\1.9.0\cd65c21cfd1eec4d44ef09f9f52b6d9f8a720636\kotlin-stdlib-common-1.9.0.jar;C:\Users\harsh\.gradle\caches\modules-2\files-2.1\org.jetbrains\annotations\13.0\919f0dfe192fb4e063e7dacadee7f8bb9a2672a9\annotations-13.0.jar
Launcher Type: SUN_STANDARD

[Global flags]
     intx CICompilerCount                          = 3                                         {product} {ergonomic}
     uint ConcGCThreads                            = 1                                         {product} {ergonomic}
     uint G1ConcRefinementThreads                  = 4                                         {product} {ergonomic}
   size_t G1HeapRegionSize                         = 1048576                                   {product} {ergonomic}
    uintx GCDrainStackTargetSize                   = 64                                        {product} {ergonomic}
   size_t InitialHeapSize                          = 65011712                                  {product} {ergonomic}
   size_t MarkStackSize                            = 4194304                                   {product} {ergonomic}
   size_t MaxHeapSize                              = 1035993088                                {product} {ergonomic}
   size_t MaxNewSize                               = 620756992                                 {product} {ergonomic}
   size_t MinHeapDeltaBytes                        = 1048576                                   {product} {ergonomic}
   size_t MinHeapSize                              = 8388608                                   {product} {ergonomic}
    uintx NonNMethodCodeHeapSize                   = 5832780                                {pd product} {ergonomic}
    uintx NonProfiledCodeHeapSize                  = 122912730                              {pd product} {ergonomic}
    uintx ProfiledCodeHeapSize                     = 122912730                              {pd product} {ergonomic}
    uintx ReservedCodeCacheSize                    = 251658240                              {pd product} {ergonomic}
     bool SegmentedCodeCache                       = true                                      {product} {ergonomic}
   size_t SoftMaxHeapSize                          = 1035993088                             {manageable} {ergonomic}
     bool UseCompressedClassPointers               = true                           {product lp64_product} {ergonomic}
     bool UseCompressedOops                        = true                           {product lp64_product} {ergonomic}
     bool UseG1GC                                  = true                                      {product} {ergonomic}
     bool UseLargePagesIndividualAllocation        = false                                  {pd product} {ergonomic}

Logging:
Log output configuration:
 #0: stdout all=warning uptime,level,tags
 #1: stderr all=off uptime,level,tags

Environment Variables:
PATH=C:\Program Files\Common Files\Oracle\Java\javapath;C:\WINDOWS\system32;C:\WINDOWS;C:\WINDOWS\System32\Wbem;C:\WINDOWS\System32\WindowsPowerShell\v1.0\;C:\WINDOWS\System32\OpenSSH\;C:\Program Files\Git\cmd;C:\Users\harsh\AppData\Local\Microsoft\WindowsApps;C:\Users\harsh\AppData\Local\Programs\Microsoft VS Code\bin;C:\Program Files\Java\jdk-21\bin;
USERNAME=harsh
OS=Windows_NT
PROCESSOR_IDENTIFIER=Intel64 Family 6 Model 142 Stepping 12, GenuineIntel
TMP=C:\Users\harsh\AppData\Local\Temp
TEMP=C:\Users\harsh\AppData\Local\Temp


JNI global refs:
JNI global refs: 9, weak refs: 0

JNI global refs memory usage: 843, weak refs: 841

OOME stack traces (most recent first):
Classloader memory used:
Loader jdk.internal.loader.ClassLoaders$AppClassLoader                                 : 6909K
Loader bootstrap                                                                       : 1342K
Loader java.net.URLClassLoader                                                         : 23191B
Loader jdk.internal.reflect.DelegatingClassLoader                                      : 9357B
Loader jdk.internal.loader.ClassLoaders$PlatformClassLoader                            : 2276B


---------------  S Y S T E M  ---------------

OS:
 Windows 11 , 64 bit Build 22621 (10.0.22621.3085)
OS uptime: 7 days 0:26 hours

CPU: total 4 (initial active 4) (2 cores per cpu, 2 threads per core) family 6 model 142 stepping 12 microcode 0xde, cx8, cmov, fxsr, ht, mmx, 3dnowpref, sse, sse2, sse3, ssse3, sse4.1, sse4.2, popcnt, lzcnt, tsc, tscinvbit, avx, avx2, aes, erms, clmul, bmi1, bmi2, adx, fma, vzeroupper, clflush, clflushopt

Memory: 4k page, system-wide physical 3948M (622M free)
TotalPageFile size 14948M (AvailPageFile size 99M)
current process WorkingSet (physical memory assigned to process): 253M, peak: 254M
current process commit charge ("private bytes"): 282M, peak: 381M

vm_info: OpenJDK 64-Bit Server VM (17.0.7+0-b2043.56-10550314) for windows-amd64 JRE (17.0.7+0-b2043.56-10550314), built on Jul 24 2023 18:27:45 by "androidbuild" with MS VC++ 16.10 / 16.11 (VS2019)

END.
